2024-11-07 08:57:26,908 - INFO - Using device: cuda
2024-11-07 08:57:26,908 - INFO - Loading MNIST dataset...
2024-11-07 08:57:26,943 - INFO - Dataset split into 48000 training and 12000 validation samples.
2024-11-07 08:57:26,943 - INFO - Starting hyperparameter optimization with 2 trials.
2024-11-07 08:57:26,944 - INFO - Starting trial 0: alpha=0.08384484722358325, gamma=0.0048667435770650665
2024-11-07 08:57:38,982 - INFO - Trial 0, Epoch 1/15 - Train Loss: 3.1520
2024-11-07 08:57:40,936 - INFO - Trial 0, Epoch 1/15 - Validation Loss: 2.3037, Validation Accuracy: 0.1133
2024-11-07 08:57:40,939 - INFO - Trial 0, Epoch 1/15 - Sparsity: 0.5455
2024-11-07 08:57:51,330 - INFO - Trial 0, Epoch 2/15 - Train Loss: 2.3092
2024-11-07 08:57:53,263 - INFO - Trial 0, Epoch 2/15 - Validation Loss: 2.3108, Validation Accuracy: 0.0985
2024-11-07 08:57:53,264 - INFO - Trial 0, Epoch 2/15 - Sparsity: 0.9901
2024-11-07 08:58:03,814 - INFO - Trial 0, Epoch 3/15 - Train Loss: 2.3070
2024-11-07 08:58:05,753 - INFO - Trial 0, Epoch 3/15 - Validation Loss: 2.3092, Validation Accuracy: 0.1009
2024-11-07 08:58:05,754 - INFO - Trial 0, Epoch 3/15 - Sparsity: 0.9911
2024-11-07 08:58:16,248 - INFO - Trial 0, Epoch 4/15 - Train Loss: 2.3082
2024-11-07 08:58:18,182 - INFO - Trial 0, Epoch 4/15 - Validation Loss: 2.3161, Validation Accuracy: 0.1133
2024-11-07 08:58:18,182 - INFO - Trial 0, Epoch 4/15 - Sparsity: 0.9913
2024-11-07 08:58:28,446 - INFO - Trial 0, Epoch 5/15 - Train Loss: 2.3081
2024-11-07 08:58:30,368 - INFO - Trial 0, Epoch 5/15 - Validation Loss: 2.3166, Validation Accuracy: 0.0991
2024-11-07 08:58:30,369 - INFO - Trial 0, Epoch 5/15 - Sparsity: 0.9915
2024-11-07 08:58:40,633 - INFO - Trial 0, Epoch 6/15 - Train Loss: 2.3076
2024-11-07 08:58:42,561 - INFO - Trial 0, Epoch 6/15 - Validation Loss: 2.3085, Validation Accuracy: 0.0962
2024-11-07 08:58:42,561 - INFO - Trial 0, Epoch 6/15 - Sparsity: 0.9917
2024-11-07 08:58:52,984 - INFO - Trial 0, Epoch 7/15 - Train Loss: 2.3083
2024-11-07 08:58:54,921 - INFO - Trial 0, Epoch 7/15 - Validation Loss: 2.3101, Validation Accuracy: 0.0938
2024-11-07 08:58:54,921 - INFO - Trial 0, Epoch 7/15 - Sparsity: 0.9919
2024-11-07 08:59:05,415 - INFO - Trial 0, Epoch 8/15 - Train Loss: 2.3095
2024-11-07 08:59:07,336 - INFO - Trial 0, Epoch 8/15 - Validation Loss: 2.3024, Validation Accuracy: 0.0985
2024-11-07 08:59:07,341 - INFO - Trial 0, Epoch 8/15 - Sparsity: 0.9921
2024-11-07 08:59:17,679 - INFO - Trial 0, Epoch 9/15 - Train Loss: 2.3081
2024-11-07 08:59:19,614 - INFO - Trial 0, Epoch 9/15 - Validation Loss: 2.3132, Validation Accuracy: 0.1133
2024-11-07 08:59:19,614 - INFO - Trial 0, Epoch 9/15 - Sparsity: 0.9925
2024-11-07 08:59:30,184 - INFO - Trial 0, Epoch 10/15 - Train Loss: 2.3081
2024-11-07 08:59:32,104 - INFO - Trial 0, Epoch 10/15 - Validation Loss: 2.3035, Validation Accuracy: 0.1133
2024-11-07 08:59:32,109 - INFO - Trial 0, Epoch 10/15 - Sparsity: 0.9946
2024-11-07 08:59:42,603 - INFO - Trial 0, Epoch 11/15 - Train Loss: 2.3081
2024-11-07 08:59:44,532 - INFO - Trial 0, Epoch 11/15 - Validation Loss: 2.3080, Validation Accuracy: 0.0966
2024-11-07 08:59:44,533 - INFO - Trial 0, Epoch 11/15 - Sparsity: 0.9955
2024-11-07 08:59:55,071 - INFO - Trial 0, Epoch 12/15 - Train Loss: 2.3084
2024-11-07 08:59:57,001 - INFO - Trial 0, Epoch 12/15 - Validation Loss: 2.3025, Validation Accuracy: 0.1133
2024-11-07 08:59:57,002 - INFO - Trial 0, Epoch 12/15 - Sparsity: 0.9971
2024-11-07 09:00:07,382 - INFO - Trial 0, Epoch 13/15 - Train Loss: 2.3082
2024-11-07 09:00:09,306 - INFO - Trial 0, Epoch 13/15 - Validation Loss: 2.3068, Validation Accuracy: 0.1040
2024-11-07 09:00:09,307 - INFO - Trial 0, Epoch 13/15 - Sparsity: 0.9978
2024-11-07 09:00:19,866 - INFO - Trial 0, Epoch 14/15 - Train Loss: 2.3083
2024-11-07 09:00:21,792 - INFO - Trial 0, Epoch 14/15 - Validation Loss: 2.3042, Validation Accuracy: 0.1091
2024-11-07 09:00:21,792 - INFO - Trial 0, Epoch 14/15 - Sparsity: 0.9993
2024-11-07 09:00:32,040 - INFO - Trial 0, Epoch 15/15 - Train Loss: 2.3081
2024-11-07 09:00:33,965 - INFO - Trial 0, Epoch 15/15 - Validation Loss: 2.3194, Validation Accuracy: 0.1040
2024-11-07 09:00:33,966 - INFO - Trial 0, Epoch 15/15 - Sparsity: 0.9995
2024-11-07 09:00:33,967 - INFO - Starting trial 1: alpha=0.00013330688870371744, gamma=0.06810244664035009
2024-11-07 09:00:44,214 - INFO - Trial 1, Epoch 1/15 - Train Loss: 2.3026
2024-11-07 09:00:46,134 - INFO - Trial 1, Epoch 1/15 - Validation Loss: 2.3026, Validation Accuracy: 0.0985
2024-11-07 09:00:46,135 - INFO - Trial 1, Epoch 1/15 - Sparsity: 1.0000
2024-11-07 09:00:56,541 - INFO - Trial 1, Epoch 2/15 - Train Loss: 2.3026
2024-11-07 09:00:58,465 - INFO - Trial 1, Epoch 2/15 - Validation Loss: 2.3026, Validation Accuracy: 0.0985
2024-11-07 09:00:58,466 - INFO - Trial 1, Epoch 2/15 - Sparsity: 1.0000
2024-11-07 09:01:08,889 - INFO - Trial 1, Epoch 3/15 - Train Loss: 2.3026
2024-11-07 09:01:10,822 - INFO - Trial 1, Epoch 3/15 - Validation Loss: 2.3026, Validation Accuracy: 0.0985
2024-11-07 09:01:10,823 - INFO - Trial 1, Epoch 3/15 - Sparsity: 1.0000
2024-11-07 09:01:21,299 - INFO - Trial 1, Epoch 4/15 - Train Loss: 2.3026
2024-11-07 09:01:23,229 - INFO - Trial 1, Epoch 4/15 - Validation Loss: 2.3026, Validation Accuracy: 0.0985
2024-11-07 09:01:23,229 - INFO - Trial 1, Epoch 4/15 - Sparsity: 1.0000
2024-11-07 09:01:33,474 - INFO - Trial 1, Epoch 5/15 - Train Loss: 2.3026
2024-11-07 09:01:35,401 - INFO - Trial 1, Epoch 5/15 - Validation Loss: 2.3026, Validation Accuracy: 0.0985
2024-11-07 09:01:35,401 - INFO - Trial 1, Epoch 5/15 - Sparsity: 1.0000
2024-11-07 09:01:45,820 - INFO - Trial 1, Epoch 6/15 - Train Loss: 2.3026
2024-11-07 09:01:47,750 - INFO - Trial 1, Epoch 6/15 - Validation Loss: 2.3026, Validation Accuracy: 0.0985
2024-11-07 09:01:47,750 - INFO - Trial 1, Epoch 6/15 - Sparsity: 1.0000
2024-11-07 09:01:58,189 - INFO - Trial 1, Epoch 7/15 - Train Loss: 2.3026
2024-11-07 09:02:00,121 - INFO - Trial 1, Epoch 7/15 - Validation Loss: 2.3026, Validation Accuracy: 0.0985
2024-11-07 09:02:00,122 - INFO - Trial 1, Epoch 7/15 - Sparsity: 1.0000
2024-11-07 09:02:10,622 - INFO - Trial 1, Epoch 8/15 - Train Loss: 2.3026
2024-11-07 09:02:12,566 - INFO - Trial 1, Epoch 8/15 - Validation Loss: 2.3026, Validation Accuracy: 0.0985
2024-11-07 09:02:12,566 - INFO - Trial 1, Epoch 8/15 - Sparsity: 1.0000
2024-11-07 09:02:22,831 - INFO - Trial 1, Epoch 9/15 - Train Loss: 2.3026
2024-11-07 09:02:24,752 - INFO - Trial 1, Epoch 9/15 - Validation Loss: 2.3026, Validation Accuracy: 0.0985
2024-11-07 09:02:24,753 - INFO - Trial 1, Epoch 9/15 - Sparsity: 1.0000
2024-11-07 09:02:34,998 - INFO - Trial 1, Epoch 10/15 - Train Loss: 2.3026
2024-11-07 09:02:36,929 - INFO - Trial 1, Epoch 10/15 - Validation Loss: 2.3026, Validation Accuracy: 0.0985
2024-11-07 09:02:36,929 - INFO - Trial 1, Epoch 10/15 - Sparsity: 1.0000
2024-11-07 09:02:47,457 - INFO - Trial 1, Epoch 11/15 - Train Loss: 2.3026
2024-11-07 09:02:49,385 - INFO - Trial 1, Epoch 11/15 - Validation Loss: 2.3026, Validation Accuracy: 0.0985
2024-11-07 09:02:49,386 - INFO - Trial 1, Epoch 11/15 - Sparsity: 1.0000
2024-11-07 09:02:59,689 - INFO - Trial 1, Epoch 12/15 - Train Loss: 2.3026
2024-11-07 09:03:01,623 - INFO - Trial 1, Epoch 12/15 - Validation Loss: 2.3026, Validation Accuracy: 0.0985
2024-11-07 09:03:01,624 - INFO - Trial 1, Epoch 12/15 - Sparsity: 1.0000
2024-11-07 09:03:11,939 - INFO - Trial 1, Epoch 13/15 - Train Loss: 2.3026
2024-11-07 09:03:13,863 - INFO - Trial 1, Epoch 13/15 - Validation Loss: 2.3026, Validation Accuracy: 0.0985
2024-11-07 09:03:13,867 - INFO - Trial 1, Epoch 13/15 - Sparsity: 1.0000
2024-11-07 09:03:24,190 - INFO - Trial 1, Epoch 14/15 - Train Loss: 2.3026
2024-11-07 09:03:26,120 - INFO - Trial 1, Epoch 14/15 - Validation Loss: 2.3026, Validation Accuracy: 0.0985
2024-11-07 09:03:26,121 - INFO - Trial 1, Epoch 14/15 - Sparsity: 1.0000
2024-11-07 09:03:36,480 - INFO - Trial 1, Epoch 15/15 - Train Loss: 2.3026
2024-11-07 09:03:38,416 - INFO - Trial 1, Epoch 15/15 - Validation Loss: 2.3026, Validation Accuracy: 0.0985
2024-11-07 09:03:38,416 - INFO - Trial 1, Epoch 15/15 - Sparsity: 1.0000
2024-11-07 09:03:38,417 - INFO - Optimization finished.
2024-11-07 09:03:38,417 - INFO - Number of finished trials: 2
2024-11-07 09:03:38,417 - INFO - Best trial:
2024-11-07 09:03:38,417 - INFO -   Value: -0.0014169773101807004
2024-11-07 09:03:38,417 - INFO -   Params: 
2024-11-07 09:03:38,417 - INFO -     alpha: 0.00013330688870371744
2024-11-07 09:03:38,417 - INFO -     gamma: 0.06810244664035009
2024-11-07 09:03:38,417 - INFO - Best hyperparameters: 
2024-11-07 09:03:38,417 - INFO -   alpha: 0.00013330688870371744
2024-11-07 09:03:38,417 - INFO -   gamma: 0.06810244664035009
2024-11-07 09:03:38,429 - ERROR - Visualization failed: 'Figure' object has no attribute 'savefig'
